web3-hd-signer v0.1.0 (/home/user/dev/web3-hd-signer)
├── anyhow v1.0.79
├── bitcoin v0.30.2
│   ├── bech32 v0.9.1
│   ├── bitcoin-private v0.1.0
│   ├── bitcoin_hashes v0.12.0
│   │   └── bitcoin-private v0.1.0
│   ├── hex_lit v0.1.1
│   └── secp256k1 v0.27.0
│       ├── bitcoin_hashes v0.12.0 (*)
│       └── secp256k1-sys v0.8.1
│           [build-dependencies]
│           └── cc v1.0.83
│               └── libc v0.2.152
├── chrono v0.4.31
│   ├── iana-time-zone v0.1.59
│   └── num-traits v0.2.17
│       [build-dependencies]
│       └── autocfg v1.1.0
├── clap v4.4.16
│   ├── clap_builder v4.4.16
│   │   ├── anstream v0.6.7
│   │   │   ├── anstyle v1.0.4
│   │   │   ├── anstyle-parse v0.2.3
│   │   │   │   └── utf8parse v0.2.1
│   │   │   ├── anstyle-query v1.0.2
│   │   │   ├── colorchoice v1.0.0
│   │   │   └── utf8parse v0.2.1
│   │   ├── anstyle v1.0.4
│   │   ├── clap_lex v0.6.0
│   │   └── strsim v0.10.0
│   └── clap_derive v4.4.7 (proc-macro)
│       ├── heck v0.4.1
│       ├── proc-macro2 v1.0.76
│       │   └── unicode-ident v1.0.12
│       ├── quote v1.0.35
│       │   └── proc-macro2 v1.0.76 (*)
│       └── syn v2.0.48
│           ├── proc-macro2 v1.0.76 (*)
│           ├── quote v1.0.35 (*)
│           └── unicode-ident v1.0.12
├── config v0.13.4
│   ├── async-trait v0.1.77 (proc-macro)
│   │   ├── proc-macro2 v1.0.76 (*)
│   │   ├── quote v1.0.35 (*)
│   │   └── syn v2.0.48 (*)
│   ├── json5 v0.4.1
│   │   ├── pest v2.7.6
│   │   │   ├── memchr v2.7.1
│   │   │   ├── thiserror v1.0.56
│   │   │   │   └── thiserror-impl v1.0.56 (proc-macro)
│   │   │   │       ├── proc-macro2 v1.0.76 (*)
│   │   │   │       ├── quote v1.0.35 (*)
│   │   │   │       └── syn v2.0.48 (*)
│   │   │   └── ucd-trie v0.1.6
│   │   ├── pest_derive v2.7.6 (proc-macro)
│   │   │   ├── pest v2.7.6 (*)
│   │   │   └── pest_generator v2.7.6
│   │   │       ├── pest v2.7.6 (*)
│   │   │       ├── pest_meta v2.7.6
│   │   │       │   ├── once_cell v1.19.0
│   │   │       │   └── pest v2.7.6 (*)
│   │   │       │   [build-dependencies]
│   │   │       │   └── sha2 v0.10.8
│   │   │       │       ├── cfg-if v1.0.0
│   │   │       │       ├── cpufeatures v0.2.12
│   │   │       │       └── digest v0.10.7
│   │   │       │           ├── block-buffer v0.10.4
│   │   │       │           │   └── generic-array v0.14.7
│   │   │       │           │       ├── typenum v1.17.0
│   │   │       │           │       └── zeroize v1.7.0
│   │   │       │           │       [build-dependencies]
│   │   │       │           │       └── version_check v0.9.4
│   │   │       │           ├── const-oid v0.9.6
│   │   │       │           ├── crypto-common v0.1.6
│   │   │       │           │   ├── generic-array v0.14.7 (*)
│   │   │       │           │   └── typenum v1.17.0
│   │   │       │           └── subtle v2.5.0
│   │   │       ├── proc-macro2 v1.0.76 (*)
│   │   │       ├── quote v1.0.35 (*)
│   │   │       └── syn v2.0.48 (*)
│   │   └── serde v1.0.195
│   │       └── serde_derive v1.0.195 (proc-macro)
│   │           ├── proc-macro2 v1.0.76 (*)
│   │           ├── quote v1.0.35 (*)
│   │           └── syn v2.0.48 (*)
│   ├── lazy_static v1.4.0
│   ├── nom v7.1.3
│   │   ├── memchr v2.7.1
│   │   └── minimal-lexical v0.2.1
│   ├── pathdiff v0.2.1
│   ├── ron v0.7.1
│   │   ├── base64 v0.13.1
│   │   ├── bitflags v1.3.2
│   │   └── serde v1.0.195 (*)
│   ├── rust-ini v0.18.0
│   │   ├── cfg-if v1.0.0
│   │   └── ordered-multimap v0.4.3
│   │       ├── dlv-list v0.3.0
│   │       └── hashbrown v0.12.3
│   │           └── ahash v0.7.7
│   │               ├── getrandom v0.2.12
│   │               │   ├── cfg-if v1.0.0
│   │               │   └── libc v0.2.152
│   │               └── once_cell v1.19.0
│   │               [build-dependencies]
│   │               └── version_check v0.9.4
│   ├── serde v1.0.195 (*)
│   ├── serde_json v1.0.111
│   │   ├── itoa v1.0.10
│   │   ├── ryu v1.0.16
│   │   └── serde v1.0.195 (*)
│   ├── toml v0.5.11
│   │   └── serde v1.0.195 (*)
│   └── yaml-rust v0.4.5
│       └── linked-hash-map v0.5.6
├── eth_checksum v0.1.2
│   └── rust-crypto v0.2.36
│       ├── libc v0.2.152
│       ├── rand v0.3.23
│       │   ├── libc v0.2.152
│       │   └── rand v0.4.6
│       │       └── libc v0.2.152
│       ├── rustc-serialize v0.3.25
│       └── time v0.1.45
│           └── libc v0.2.152
│       [build-dependencies]
│       └── gcc v0.3.55
├── ethers v2.0.11
│   ├── ethers-addressbook v2.0.12
│   │   ├── ethers-core v2.0.12
│   │   │   ├── arrayvec v0.7.4
│   │   │   ├── bytes v1.5.0
│   │   │   │   └── serde v1.0.195 (*)
│   │   │   ├── cargo_metadata v0.18.1
│   │   │   │   ├── camino v1.1.6
│   │   │   │   │   └── serde v1.0.195 (*)
│   │   │   │   ├── cargo-platform v0.1.6
│   │   │   │   │   └── serde v1.0.195 (*)
│   │   │   │   ├── semver v1.0.21
│   │   │   │   │   └── serde v1.0.195 (*)
│   │   │   │   ├── serde v1.0.195 (*)
│   │   │   │   ├── serde_json v1.0.111 (*)
│   │   │   │   └── thiserror v1.0.56 (*)
│   │   │   ├── chrono v0.4.31 (*)
│   │   │   ├── const-hex v1.10.0
│   │   │   │   ├── cfg-if v1.0.0
│   │   │   │   ├── cpufeatures v0.2.12
│   │   │   │   └── hex v0.4.3
│   │   │   ├── elliptic-curve v0.13.8
│   │   │   │   ├── base16ct v0.2.0
│   │   │   │   ├── crypto-bigint v0.5.5
│   │   │   │   │   ├── generic-array v0.14.7 (*)
│   │   │   │   │   ├── rand_core v0.6.4
│   │   │   │   │   │   └── getrandom v0.2.12 (*)
│   │   │   │   │   ├── subtle v2.5.0
│   │   │   │   │   └── zeroize v1.7.0
│   │   │   │   │       └── zeroize_derive v1.4.2 (proc-macro)
│   │   │   │   │           ├── proc-macro2 v1.0.76 (*)
│   │   │   │   │           ├── quote v1.0.35 (*)
│   │   │   │   │           └── syn v2.0.48 (*)
│   │   │   │   ├── digest v0.10.7 (*)
│   │   │   │   ├── ff v0.13.0
│   │   │   │   │   ├── rand_core v0.6.4 (*)
│   │   │   │   │   └── subtle v2.5.0
│   │   │   │   ├── generic-array v0.14.7 (*)
│   │   │   │   ├── group v0.13.0
│   │   │   │   │   ├── ff v0.13.0 (*)
│   │   │   │   │   ├── rand_core v0.6.4 (*)
│   │   │   │   │   └── subtle v2.5.0
│   │   │   │   ├── pkcs8 v0.10.2
│   │   │   │   │   ├── der v0.7.8
│   │   │   │   │   │   ├── const-oid v0.9.6
│   │   │   │   │   │   └── zeroize v1.7.0 (*)
│   │   │   │   │   └── spki v0.7.3
│   │   │   │   │       └── der v0.7.8 (*)
│   │   │   │   ├── rand_core v0.6.4 (*)
│   │   │   │   ├── sec1 v0.7.3
│   │   │   │   │   ├── base16ct v0.2.0
│   │   │   │   │   ├── der v0.7.8 (*)
│   │   │   │   │   ├── generic-array v0.14.7 (*)
│   │   │   │   │   ├── subtle v2.5.0
│   │   │   │   │   └── zeroize v1.7.0 (*)
│   │   │   │   ├── subtle v2.5.0
│   │   │   │   └── zeroize v1.7.0 (*)
│   │   │   ├── ethabi v18.0.0
│   │   │   │   ├── ethereum-types v0.14.1
│   │   │   │   │   ├── ethbloom v0.13.0
│   │   │   │   │   │   ├── crunchy v0.2.2
│   │   │   │   │   │   ├── fixed-hash v0.8.0
│   │   │   │   │   │   │   ├── byteorder v1.5.0
│   │   │   │   │   │   │   ├── rand v0.8.5
│   │   │   │   │   │   │   │   ├── libc v0.2.152
│   │   │   │   │   │   │   │   ├── rand_chacha v0.3.1
│   │   │   │   │   │   │   │   │   ├── ppv-lite86 v0.2.17
│   │   │   │   │   │   │   │   │   └── rand_core v0.6.4 (*)
│   │   │   │   │   │   │   │   └── rand_core v0.6.4 (*)
│   │   │   │   │   │   │   ├── rustc-hex v2.1.0
│   │   │   │   │   │   │   └── static_assertions v1.1.0
│   │   │   │   │   │   ├── impl-codec v0.6.0
│   │   │   │   │   │   │   └── parity-scale-codec v3.6.9
│   │   │   │   │   │   │       ├── arrayvec v0.7.4
│   │   │   │   │   │   │       ├── byte-slice-cast v1.2.2
│   │   │   │   │   │   │       ├── impl-trait-for-tuples v0.2.2 (proc-macro)
│   │   │   │   │   │   │       │   ├── proc-macro2 v1.0.76 (*)
│   │   │   │   │   │   │       │   ├── quote v1.0.35 (*)
│   │   │   │   │   │   │       │   └── syn v1.0.109
│   │   │   │   │   │   │       │       ├── proc-macro2 v1.0.76 (*)
│   │   │   │   │   │   │       │       ├── quote v1.0.35 (*)
│   │   │   │   │   │   │       │       └── unicode-ident v1.0.12
│   │   │   │   │   │   │       ├── parity-scale-codec-derive v3.6.9 (proc-macro)
│   │   │   │   │   │   │       │   ├── proc-macro-crate v2.0.1
│   │   │   │   │   │   │       │   │   ├── toml_datetime v0.6.3
│   │   │   │   │   │   │       │   │   │   └── serde v1.0.195 (*)
│   │   │   │   │   │   │       │   │   └── toml_edit v0.20.2
│   │   │   │   │   │   │       │   │       ├── indexmap v2.1.0
│   │   │   │   │   │   │       │   │       │   ├── equivalent v1.0.1
│   │   │   │   │   │   │       │   │       │   └── hashbrown v0.14.3
│   │   │   │   │   │   │       │   │       ├── serde v1.0.195 (*)
│   │   │   │   │   │   │       │   │       ├── serde_spanned v0.6.5
│   │   │   │   │   │   │       │   │       │   └── serde v1.0.195 (*)
│   │   │   │   │   │   │       │   │       ├── toml_datetime v0.6.3 (*)
│   │   │   │   │   │   │       │   │       └── winnow v0.5.34
│   │   │   │   │   │   │       │   ├── proc-macro2 v1.0.76 (*)
│   │   │   │   │   │   │       │   ├── quote v1.0.35 (*)
│   │   │   │   │   │   │       │   └── syn v1.0.109 (*)
│   │   │   │   │   │   │       └── serde v1.0.195 (*)
│   │   │   │   │   │   ├── impl-rlp v0.3.0
│   │   │   │   │   │   │   └── rlp v0.5.2
│   │   │   │   │   │   │       ├── bytes v1.5.0 (*)
│   │   │   │   │   │   │       ├── rlp-derive v0.1.0 (proc-macro)
│   │   │   │   │   │   │       │   ├── proc-macro2 v1.0.76 (*)
│   │   │   │   │   │   │       │   ├── quote v1.0.35 (*)
│   │   │   │   │   │   │       │   └── syn v1.0.109 (*)
│   │   │   │   │   │   │       └── rustc-hex v2.1.0
│   │   │   │   │   │   ├── impl-serde v0.4.0
│   │   │   │   │   │   │   └── serde v1.0.195 (*)
│   │   │   │   │   │   ├── scale-info v2.10.0
│   │   │   │   │   │   │   ├── cfg-if v1.0.0
│   │   │   │   │   │   │   ├── derive_more v0.99.17 (proc-macro)
│   │   │   │   │   │   │   │   ├── convert_case v0.4.0
│   │   │   │   │   │   │   │   ├── proc-macro2 v1.0.76 (*)
│   │   │   │   │   │   │   │   ├── quote v1.0.35 (*)
│   │   │   │   │   │   │   │   └── syn v1.0.109 (*)
│   │   │   │   │   │   │   │   [build-dependencies]
│   │   │   │   │   │   │   │   └── rustc_version v0.4.0
│   │   │   │   │   │   │   │       └── semver v1.0.21 (*)
│   │   │   │   │   │   │   ├── parity-scale-codec v3.6.9 (*)
│   │   │   │   │   │   │   └── scale-info-derive v2.10.0 (proc-macro)
│   │   │   │   │   │   │       ├── proc-macro-crate v1.3.1
│   │   │   │   │   │   │       │   ├── once_cell v1.19.0
│   │   │   │   │   │   │       │   └── toml_edit v0.19.15
│   │   │   │   │   │   │       │       ├── indexmap v2.1.0 (*)
│   │   │   │   │   │   │       │       ├── toml_datetime v0.6.3 (*)
│   │   │   │   │   │   │       │       └── winnow v0.5.34
│   │   │   │   │   │   │       ├── proc-macro2 v1.0.76 (*)
│   │   │   │   │   │   │       ├── quote v1.0.35 (*)
│   │   │   │   │   │   │       └── syn v1.0.109 (*)
│   │   │   │   │   │   └── tiny-keccak v2.0.2
│   │   │   │   │   │       └── crunchy v0.2.2
│   │   │   │   │   ├── fixed-hash v0.8.0 (*)
│   │   │   │   │   ├── impl-codec v0.6.0 (*)
│   │   │   │   │   ├── impl-rlp v0.3.0 (*)
│   │   │   │   │   ├── impl-serde v0.4.0 (*)
│   │   │   │   │   ├── primitive-types v0.12.2
│   │   │   │   │   │   ├── fixed-hash v0.8.0 (*)
│   │   │   │   │   │   ├── impl-codec v0.6.0 (*)
│   │   │   │   │   │   ├── impl-rlp v0.3.0 (*)
│   │   │   │   │   │   ├── impl-serde v0.4.0 (*)
│   │   │   │   │   │   ├── scale-info v2.10.0 (*)
│   │   │   │   │   │   └── uint v0.9.5
│   │   │   │   │   │       ├── byteorder v1.5.0
│   │   │   │   │   │       ├── crunchy v0.2.2
│   │   │   │   │   │       ├── hex v0.4.3
│   │   │   │   │   │       └── static_assertions v1.1.0
│   │   │   │   │   ├── scale-info v2.10.0 (*)
│   │   │   │   │   └── uint v0.9.5 (*)
│   │   │   │   ├── hex v0.4.3
│   │   │   │   ├── once_cell v1.19.0
│   │   │   │   ├── regex v1.10.2
│   │   │   │   │   ├── aho-corasick v1.1.2
│   │   │   │   │   │   └── memchr v2.7.1
│   │   │   │   │   ├── memchr v2.7.1
│   │   │   │   │   ├── regex-automata v0.4.3
│   │   │   │   │   │   ├── aho-corasick v1.1.2 (*)
│   │   │   │   │   │   ├── memchr v2.7.1
│   │   │   │   │   │   └── regex-syntax v0.8.2
│   │   │   │   │   └── regex-syntax v0.8.2
│   │   │   │   ├── serde v1.0.195 (*)
│   │   │   │   ├── serde_json v1.0.111 (*)
│   │   │   │   ├── sha3 v0.10.8
│   │   │   │   │   ├── digest v0.10.7 (*)
│   │   │   │   │   └── keccak v0.1.4
│   │   │   │   ├── thiserror v1.0.56 (*)
│   │   │   │   └── uint v0.9.5 (*)
│   │   │   ├── generic-array v0.14.7 (*)
│   │   │   ├── k256 v0.13.3
│   │   │   │   ├── cfg-if v1.0.0
│   │   │   │   ├── ecdsa v0.16.9
│   │   │   │   │   ├── der v0.7.8 (*)
│   │   │   │   │   ├── digest v0.10.7 (*)
│   │   │   │   │   ├── elliptic-curve v0.13.8 (*)
│   │   │   │   │   ├── rfc6979 v0.4.0
│   │   │   │   │   │   ├── hmac v0.12.1
│   │   │   │   │   │   │   └── digest v0.10.7 (*)
│   │   │   │   │   │   └── subtle v2.5.0
│   │   │   │   │   ├── signature v2.2.0
│   │   │   │   │   │   ├── digest v0.10.7 (*)
│   │   │   │   │   │   └── rand_core v0.6.4 (*)
│   │   │   │   │   └── spki v0.7.3 (*)
│   │   │   │   ├── elliptic-curve v0.13.8 (*)
│   │   │   │   ├── once_cell v1.19.0
│   │   │   │   ├── sha2 v0.10.8
│   │   │   │   │   ├── cfg-if v1.0.0
│   │   │   │   │   ├── cpufeatures v0.2.12
│   │   │   │   │   └── digest v0.10.7 (*)
│   │   │   │   └── signature v2.2.0 (*)
│   │   │   ├── num_enum v0.7.2
│   │   │   │   └── num_enum_derive v0.7.2 (proc-macro)
│   │   │   │       ├── proc-macro-crate v2.0.1 (*)
│   │   │   │       ├── proc-macro2 v1.0.76 (*)
│   │   │   │       ├── quote v1.0.35 (*)
│   │   │   │       └── syn v2.0.48 (*)
│   │   │   ├── once_cell v1.19.0
│   │   │   ├── open-fastrlp v0.1.4
│   │   │   │   ├── arrayvec v0.7.4
│   │   │   │   ├── auto_impl v1.1.0 (proc-macro)
│   │   │   │   │   ├── proc-macro-error v1.0.4
│   │   │   │   │   │   ├── proc-macro-error-attr v1.0.4 (proc-macro)
│   │   │   │   │   │   │   ├── proc-macro2 v1.0.76 (*)
│   │   │   │   │   │   │   └── quote v1.0.35 (*)
│   │   │   │   │   │   │   [build-dependencies]
│   │   │   │   │   │   │   └── version_check v0.9.4
│   │   │   │   │   │   ├── proc-macro2 v1.0.76 (*)
│   │   │   │   │   │   ├── quote v1.0.35 (*)
│   │   │   │   │   │   └── syn v1.0.109 (*)
│   │   │   │   │   │   [build-dependencies]
│   │   │   │   │   │   └── version_check v0.9.4
│   │   │   │   │   ├── proc-macro2 v1.0.76 (*)
│   │   │   │   │   ├── quote v1.0.35 (*)
│   │   │   │   │   └── syn v1.0.109 (*)
│   │   │   │   ├── bytes v1.5.0 (*)
│   │   │   │   ├── ethereum-types v0.14.1 (*)
│   │   │   │   └── open-fastrlp-derive v0.1.1 (proc-macro)
│   │   │   │       ├── bytes v1.5.0 (*)
│   │   │   │       ├── proc-macro2 v1.0.76 (*)
│   │   │   │       ├── quote v1.0.35 (*)
│   │   │   │       └── syn v1.0.109 (*)
│   │   │   ├── rand v0.8.5 (*)
│   │   │   ├── rlp v0.5.2 (*)
│   │   │   ├── serde v1.0.195 (*)
│   │   │   ├── serde_json v1.0.111 (*)
│   │   │   ├── strum v0.25.0
│   │   │   │   └── strum_macros v0.25.3 (proc-macro)
│   │   │   │       ├── heck v0.4.1
│   │   │   │       ├── proc-macro2 v1.0.76 (*)
│   │   │   │       ├── quote v1.0.35 (*)
│   │   │   │       ├── rustversion v1.0.14 (proc-macro)
│   │   │   │       └── syn v2.0.48 (*)
│   │   │   ├── syn v2.0.48
│   │   │   │   ├── proc-macro2 v1.0.76 (*)
│   │   │   │   ├── quote v1.0.35 (*)
│   │   │   │   └── unicode-ident v1.0.12
│   │   │   ├── tempfile v3.9.0
│   │   │   │   ├── cfg-if v1.0.0
│   │   │   │   ├── fastrand v2.0.1
│   │   │   │   └── rustix v0.38.28
│   │   │   │       ├── bitflags v2.4.1
│   │   │   │       └── linux-raw-sys v0.4.12
│   │   │   ├── thiserror v1.0.56 (*)
│   │   │   ├── tiny-keccak v2.0.2 (*)
│   │   │   └── unicode-xid v0.2.4
│   │   ├── once_cell v1.19.0
│   │   ├── serde v1.0.195 (*)
│   │   └── serde_json v1.0.111 (*)
│   ├── ethers-contract v2.0.11
│   │   ├── const-hex v1.10.0 (*)
│   │   ├── ethers-contract-abigen v2.0.12
│   │   │   ├── Inflector v0.11.4
│   │   │   │   ├── lazy_static v1.4.0
│   │   │   │   └── regex v1.10.2 (*)
│   │   │   ├── const-hex v1.10.0 (*)
│   │   │   ├── dunce v1.0.4
│   │   │   ├── ethers-core v2.0.12 (*)
│   │   │   ├── eyre v0.6.11
│   │   │   │   ├── indenter v0.3.3
│   │   │   │   └── once_cell v1.19.0
│   │   │   ├── prettyplease v0.2.16
│   │   │   │   ├── proc-macro2 v1.0.76 (*)
│   │   │   │   └── syn v2.0.48 (*)
│   │   │   ├── proc-macro2 v1.0.76 (*)
│   │   │   ├── quote v1.0.35 (*)
│   │   │   ├── regex v1.10.2 (*)
│   │   │   ├── serde v1.0.195 (*)
│   │   │   ├── serde_json v1.0.111 (*)
│   │   │   ├── syn v2.0.48 (*)
│   │   │   ├── toml v0.8.2
│   │   │   │   ├── serde v1.0.195 (*)
│   │   │   │   ├── serde_spanned v0.6.5 (*)
│   │   │   │   ├── toml_datetime v0.6.3 (*)
│   │   │   │   └── toml_edit v0.20.2 (*)
│   │   │   └── walkdir v2.4.0
│   │   │       └── same-file v1.0.6
│   │   ├── ethers-contract-derive v2.0.12 (proc-macro)
│   │   │   ├── Inflector v0.11.4 (*)
│   │   │   ├── const-hex v1.10.0 (*)
│   │   │   ├── ethers-contract-abigen v2.0.12
│   │   │   │   ├── Inflector v0.11.4 (*)
│   │   │   │   ├── const-hex v1.10.0 (*)
│   │   │   │   ├── dunce v1.0.4
│   │   │   │   ├── ethers-core v2.0.12
│   │   │   │   │   ├── arrayvec v0.7.4
│   │   │   │   │   ├── bytes v1.5.0 (*)
│   │   │   │   │   ├── cargo_metadata v0.18.1 (*)
│   │   │   │   │   ├── chrono v0.4.31
│   │   │   │   │   │   └── num-traits v0.2.17
│   │   │   │   │   │       [build-dependencies]
│   │   │   │   │   │       └── autocfg v1.1.0
│   │   │   │   │   ├── const-hex v1.10.0 (*)
│   │   │   │   │   ├── elliptic-curve v0.13.8
│   │   │   │   │   │   ├── base16ct v0.2.0
│   │   │   │   │   │   ├── crypto-bigint v0.5.5 (*)
│   │   │   │   │   │   ├── digest v0.10.7 (*)
│   │   │   │   │   │   ├── ff v0.13.0 (*)
│   │   │   │   │   │   ├── generic-array v0.14.7 (*)
│   │   │   │   │   │   ├── group v0.13.0 (*)
│   │   │   │   │   │   ├── rand_core v0.6.4 (*)
│   │   │   │   │   │   ├── sec1 v0.7.3 (*)
│   │   │   │   │   │   ├── subtle v2.5.0
│   │   │   │   │   │   └── zeroize v1.7.0
│   │   │   │   │   ├── ethabi v18.0.0
│   │   │   │   │   │   ├── ethereum-types v0.14.1 (*)
│   │   │   │   │   │   ├── hex v0.4.3
│   │   │   │   │   │   ├── once_cell v1.19.0
│   │   │   │   │   │   ├── regex v1.10.2 (*)
│   │   │   │   │   │   ├── serde v1.0.195 (*)
│   │   │   │   │   │   ├── serde_json v1.0.111
│   │   │   │   │   │   │   ├── itoa v1.0.10
│   │   │   │   │   │   │   ├── ryu v1.0.16
│   │   │   │   │   │   │   └── serde v1.0.195 (*)
│   │   │   │   │   │   ├── sha3 v0.10.8
│   │   │   │   │   │   │   ├── digest v0.10.7 (*)
│   │   │   │   │   │   │   └── keccak v0.1.4
│   │   │   │   │   │   ├── thiserror v1.0.56 (*)
│   │   │   │   │   │   └── uint v0.9.5 (*)
│   │   │   │   │   ├── generic-array v0.14.7 (*)
│   │   │   │   │   ├── k256 v0.13.3
│   │   │   │   │   │   ├── cfg-if v1.0.0
│   │   │   │   │   │   ├── ecdsa v0.16.9
│   │   │   │   │   │   │   ├── der v0.7.8 (*)
│   │   │   │   │   │   │   ├── digest v0.10.7 (*)
│   │   │   │   │   │   │   ├── elliptic-curve v0.13.8 (*)
│   │   │   │   │   │   │   ├── rfc6979 v0.4.0 (*)
│   │   │   │   │   │   │   ├── signature v2.2.0 (*)
│   │   │   │   │   │   │   └── spki v0.7.3
│   │   │   │   │   │   │       └── der v0.7.8 (*)
│   │   │   │   │   │   ├── elliptic-curve v0.13.8 (*)
│   │   │   │   │   │   └── sha2 v0.10.8 (*)
│   │   │   │   │   ├── num_enum v0.7.2 (*)
│   │   │   │   │   ├── once_cell v1.19.0
│   │   │   │   │   ├── open-fastrlp v0.1.4 (*)
│   │   │   │   │   ├── rand v0.8.5
│   │   │   │   │   │   ├── libc v0.2.152
│   │   │   │   │   │   ├── rand_chacha v0.3.1 (*)
│   │   │   │   │   │   └── rand_core v0.6.4 (*)
│   │   │   │   │   ├── rlp v0.5.2 (*)
│   │   │   │   │   ├── serde v1.0.195 (*)
│   │   │   │   │   ├── serde_json v1.0.111 (*)
│   │   │   │   │   ├── strum v0.25.0 (*)
│   │   │   │   │   ├── syn v2.0.48 (*)
│   │   │   │   │   ├── tempfile v3.9.0 (*)
│   │   │   │   │   ├── thiserror v1.0.56 (*)
│   │   │   │   │   ├── tiny-keccak v2.0.2 (*)
│   │   │   │   │   └── unicode-xid v0.2.4
│   │   │   │   ├── eyre v0.6.11 (*)
│   │   │   │   ├── prettyplease v0.2.16 (*)
│   │   │   │   ├── proc-macro2 v1.0.76 (*)
│   │   │   │   ├── quote v1.0.35 (*)
│   │   │   │   ├── regex v1.10.2 (*)
│   │   │   │   ├── serde v1.0.195 (*)
│   │   │   │   ├── serde_json v1.0.111 (*)
│   │   │   │   ├── syn v2.0.48 (*)
│   │   │   │   ├── toml v0.8.2 (*)
│   │   │   │   └── walkdir v2.4.0 (*)
│   │   │   ├── ethers-core v2.0.12 (*)
│   │   │   ├── proc-macro2 v1.0.76 (*)
│   │   │   ├── quote v1.0.35 (*)
│   │   │   ├── serde_json v1.0.111 (*)
│   │   │   └── syn v2.0.48 (*)
│   │   ├── ethers-core v2.0.12 (*)
│   │   ├── ethers-providers v2.0.11
│   │   │   ├── async-trait v0.1.77 (proc-macro) (*)
│   │   │   ├── auto_impl v1.1.0 (proc-macro) (*)
│   │   │   ├── base64 v0.21.7
│   │   │   ├── bytes v1.5.0 (*)
│   │   │   ├── const-hex v1.10.0 (*)
│   │   │   ├── enr v0.9.1
│   │   │   │   ├── base64 v0.21.7
│   │   │   │   ├── bytes v1.5.0 (*)
│   │   │   │   ├── hex v0.4.3
│   │   │   │   ├── k256 v0.13.3 (*)
│   │   │   │   ├── log v0.4.20
│   │   │   │   ├── rand v0.8.5 (*)
│   │   │   │   ├── rlp v0.5.2 (*)
│   │   │   │   ├── serde v1.0.195 (*)
│   │   │   │   ├── sha3 v0.10.8 (*)
│   │   │   │   └── zeroize v1.7.0 (*)
│   │   │   ├── ethers-core v2.0.12 (*)
│   │   │   ├── futures-core v0.3.30
│   │   │   ├── futures-timer v3.0.2
│   │   │   │   ├── gloo-timers v0.2.6
│   │   │   │   │   ├── futures-channel v0.3.30
│   │   │   │   │   │   ├── futures-core v0.3.30
│   │   │   │   │   │   └── futures-sink v0.3.30
│   │   │   │   │   ├── futures-core v0.3.30
│   │   │   │   │   ├── js-sys v0.3.66
│   │   │   │   │   │   └── wasm-bindgen v0.2.89
│   │   │   │   │   │       ├── cfg-if v1.0.0
│   │   │   │   │   │       └── wasm-bindgen-macro v0.2.89 (proc-macro)
│   │   │   │   │   │           ├── quote v1.0.35 (*)
│   │   │   │   │   │           └── wasm-bindgen-macro-support v0.2.89
│   │   │   │   │   │               ├── proc-macro2 v1.0.76 (*)
│   │   │   │   │   │               ├── quote v1.0.35 (*)
│   │   │   │   │   │               ├── syn v2.0.48 (*)
│   │   │   │   │   │               ├── wasm-bindgen-backend v0.2.89
│   │   │   │   │   │               │   ├── bumpalo v3.14.0
│   │   │   │   │   │               │   ├── log v0.4.20
│   │   │   │   │   │               │   ├── once_cell v1.19.0
│   │   │   │   │   │               │   ├── proc-macro2 v1.0.76 (*)
│   │   │   │   │   │               │   ├── quote v1.0.35 (*)
│   │   │   │   │   │               │   ├── syn v2.0.48 (*)
│   │   │   │   │   │               │   └── wasm-bindgen-shared v0.2.89
│   │   │   │   │   │               └── wasm-bindgen-shared v0.2.89
│   │   │   │   │   └── wasm-bindgen v0.2.89 (*)
│   │   │   │   └── send_wrapper v0.4.0
│   │   │   ├── futures-util v0.3.30
│   │   │   │   ├── futures-channel v0.3.30 (*)
│   │   │   │   ├── futures-core v0.3.30
│   │   │   │   ├── futures-io v0.3.30
│   │   │   │   ├── futures-macro v0.3.30 (proc-macro)
│   │   │   │   │   ├── proc-macro2 v1.0.76 (*)
│   │   │   │   │   ├── quote v1.0.35 (*)
│   │   │   │   │   └── syn v2.0.48 (*)
│   │   │   │   ├── futures-sink v0.3.30
│   │   │   │   ├── futures-task v0.3.30
│   │   │   │   ├── memchr v2.7.1
│   │   │   │   ├── pin-project-lite v0.2.13
│   │   │   │   ├── pin-utils v0.1.0
│   │   │   │   └── slab v0.4.9
│   │   │   │       [build-dependencies]
│   │   │   │       └── autocfg v1.1.0
│   │   │   ├── hashers v1.0.1
│   │   │   │   └── fxhash v0.2.1
│   │   │   │       └── byteorder v1.5.0
│   │   │   ├── http v0.2.11
│   │   │   │   ├── bytes v1.5.0 (*)
│   │   │   │   ├── fnv v1.0.7
│   │   │   │   └── itoa v1.0.10
│   │   │   ├── instant v0.1.12
│   │   │   │   └── cfg-if v1.0.0
│   │   │   ├── jsonwebtoken v8.3.0
│   │   │   │   ├── base64 v0.21.7
│   │   │   │   ├── pem v1.1.1
│   │   │   │   │   └── base64 v0.13.1
│   │   │   │   ├── ring v0.16.20
│   │   │   │   │   ├── libc v0.2.152
│   │   │   │   │   ├── once_cell v1.19.0
│   │   │   │   │   ├── spin v0.5.2
│   │   │   │   │   └── untrusted v0.7.1
│   │   │   │   │   [build-dependencies]
│   │   │   │   │   └── cc v1.0.83 (*)
│   │   │   │   ├── serde v1.0.195 (*)
│   │   │   │   ├── serde_json v1.0.111 (*)
│   │   │   │   └── simple_asn1 v0.6.2
│   │   │   │       ├── num-bigint v0.4.4
│   │   │   │       │   ├── num-integer v0.1.45
│   │   │   │       │   │   └── num-traits v0.2.17 (*)
│   │   │   │       │   │   [build-dependencies]
│   │   │   │       │   │   └── autocfg v1.1.0
│   │   │   │       │   └── num-traits v0.2.17 (*)
│   │   │   │       │   [build-dependencies]
│   │   │   │       │   └── autocfg v1.1.0
│   │   │   │       ├── num-traits v0.2.17 (*)
│   │   │   │       ├── thiserror v1.0.56 (*)
│   │   │   │       └── time v0.3.31
│   │   │   │           ├── deranged v0.3.11
│   │   │   │           │   └── powerfmt v0.2.0
│   │   │   │           ├── itoa v1.0.10
│   │   │   │           ├── powerfmt v0.2.0
│   │   │   │           ├── time-core v0.1.2
│   │   │   │           └── time-macros v0.2.16 (proc-macro)
│   │   │   │               └── time-core v0.1.2
│   │   │   ├── once_cell v1.19.0
│   │   │   ├── pin-project v1.1.3
│   │   │   │   └── pin-project-internal v1.1.3 (proc-macro)
│   │   │   │       ├── proc-macro2 v1.0.76 (*)
│   │   │   │       ├── quote v1.0.35 (*)
│   │   │   │       └── syn v2.0.48 (*)
│   │   │   ├── reqwest v0.11.23
│   │   │   │   ├── base64 v0.21.7
│   │   │   │   ├── bytes v1.5.0 (*)
│   │   │   │   ├── encoding_rs v0.8.33
│   │   │   │   │   └── cfg-if v1.0.0
│   │   │   │   ├── futures-core v0.3.30
│   │   │   │   ├── futures-util v0.3.30 (*)
│   │   │   │   ├── h2 v0.3.23
│   │   │   │   │   ├── bytes v1.5.0 (*)
│   │   │   │   │   ├── fnv v1.0.7
│   │   │   │   │   ├── futures-core v0.3.30
│   │   │   │   │   ├── futures-sink v0.3.30
│   │   │   │   │   ├── futures-util v0.3.30 (*)
│   │   │   │   │   ├── http v0.2.11 (*)
│   │   │   │   │   ├── indexmap v2.1.0 (*)
│   │   │   │   │   ├── slab v0.4.9 (*)
│   │   │   │   │   ├── tokio v1.35.1
│   │   │   │   │   │   ├── bytes v1.5.0 (*)
│   │   │   │   │   │   ├── libc v0.2.152
│   │   │   │   │   │   ├── mio v0.8.10
│   │   │   │   │   │   │   └── libc v0.2.152
│   │   │   │   │   │   ├── num_cpus v1.16.0
│   │   │   │   │   │   │   └── libc v0.2.152
│   │   │   │   │   │   ├── parking_lot v0.12.1
│   │   │   │   │   │   │   ├── lock_api v0.4.11
│   │   │   │   │   │   │   │   └── scopeguard v1.2.0
│   │   │   │   │   │   │   │   [build-dependencies]
│   │   │   │   │   │   │   │   └── autocfg v1.1.0
│   │   │   │   │   │   │   └── parking_lot_core v0.9.9
│   │   │   │   │   │   │       ├── cfg-if v1.0.0
│   │   │   │   │   │   │       ├── libc v0.2.152
│   │   │   │   │   │   │       └── smallvec v1.11.2
│   │   │   │   │   │   ├── pin-project-lite v0.2.13
│   │   │   │   │   │   ├── signal-hook-registry v1.4.1
│   │   │   │   │   │   │   └── libc v0.2.152
│   │   │   │   │   │   ├── socket2 v0.5.5
│   │   │   │   │   │   │   └── libc v0.2.152
│   │   │   │   │   │   └── tokio-macros v2.2.0 (proc-macro)
│   │   │   │   │   │       ├── proc-macro2 v1.0.76 (*)
│   │   │   │   │   │       ├── quote v1.0.35 (*)
│   │   │   │   │   │       └── syn v2.0.48 (*)
│   │   │   │   │   ├── tokio-util v0.7.10
│   │   │   │   │   │   ├── bytes v1.5.0 (*)
│   │   │   │   │   │   ├── futures-core v0.3.30
│   │   │   │   │   │   ├── futures-io v0.3.30
│   │   │   │   │   │   ├── futures-sink v0.3.30
│   │   │   │   │   │   ├── pin-project-lite v0.2.13
│   │   │   │   │   │   ├── tokio v1.35.1 (*)
│   │   │   │   │   │   └── tracing v0.1.40
│   │   │   │   │   │       ├── log v0.4.20
│   │   │   │   │   │       ├── pin-project-lite v0.2.13
│   │   │   │   │   │       ├── tracing-attributes v0.1.27 (proc-macro)
│   │   │   │   │   │       │   ├── proc-macro2 v1.0.76 (*)
│   │   │   │   │   │       │   ├── quote v1.0.35 (*)
│   │   │   │   │   │       │   └── syn v2.0.48 (*)
│   │   │   │   │   │       └── tracing-core v0.1.32
│   │   │   │   │   │           └── once_cell v1.19.0
│   │   │   │   │   └── tracing v0.1.40 (*)
│   │   │   │   ├── http v0.2.11 (*)
│   │   │   │   ├── http-body v0.4.6
│   │   │   │   │   ├── bytes v1.5.0 (*)
│   │   │   │   │   ├── http v0.2.11 (*)
│   │   │   │   │   └── pin-project-lite v0.2.13
│   │   │   │   ├── hyper v0.14.28
│   │   │   │   │   ├── bytes v1.5.0 (*)
│   │   │   │   │   ├── futures-channel v0.3.30 (*)
│   │   │   │   │   ├── futures-core v0.3.30
│   │   │   │   │   ├── futures-util v0.3.30 (*)
│   │   │   │   │   ├── h2 v0.3.23 (*)
│   │   │   │   │   ├── http v0.2.11 (*)
│   │   │   │   │   ├── http-body v0.4.6 (*)
│   │   │   │   │   ├── httparse v1.8.0
│   │   │   │   │   ├── httpdate v1.0.3
│   │   │   │   │   ├── itoa v1.0.10
│   │   │   │   │   ├── pin-project-lite v0.2.13
│   │   │   │   │   ├── socket2 v0.5.5 (*)
│   │   │   │   │   ├── tokio v1.35.1 (*)
│   │   │   │   │   ├── tower-service v0.3.2
│   │   │   │   │   ├── tracing v0.1.40 (*)
│   │   │   │   │   └── want v0.3.1
│   │   │   │   │       └── try-lock v0.2.5
│   │   │   │   ├── hyper-rustls v0.24.2
│   │   │   │   │   ├── futures-util v0.3.30 (*)
│   │   │   │   │   ├── http v0.2.11 (*)
│   │   │   │   │   ├── hyper v0.14.28 (*)
│   │   │   │   │   ├── rustls v0.21.10
│   │   │   │   │   │   ├── log v0.4.20
│   │   │   │   │   │   ├── ring v0.17.7
│   │   │   │   │   │   │   ├── getrandom v0.2.12 (*)
│   │   │   │   │   │   │   ├── spin v0.9.8
│   │   │   │   │   │   │   └── untrusted v0.9.0
│   │   │   │   │   │   │   [build-dependencies]
│   │   │   │   │   │   │   └── cc v1.0.83 (*)
│   │   │   │   │   │   ├── rustls-webpki v0.101.7
│   │   │   │   │   │   │   ├── ring v0.17.7 (*)
│   │   │   │   │   │   │   └── untrusted v0.9.0
│   │   │   │   │   │   └── sct v0.7.1
│   │   │   │   │   │       ├── ring v0.17.7 (*)
│   │   │   │   │   │       └── untrusted v0.9.0
│   │   │   │   │   ├── tokio v1.35.1 (*)
│   │   │   │   │   └── tokio-rustls v0.24.1
│   │   │   │   │       ├── rustls v0.21.10 (*)
│   │   │   │   │       └── tokio v1.35.1 (*)
│   │   │   │   ├── hyper-tls v0.5.0
│   │   │   │   │   ├── bytes v1.5.0 (*)
│   │   │   │   │   ├── hyper v0.14.28 (*)
│   │   │   │   │   ├── native-tls v0.2.11
│   │   │   │   │   │   ├── log v0.4.20
│   │   │   │   │   │   ├── openssl v0.10.62
│   │   │   │   │   │   │   ├── bitflags v2.4.1
│   │   │   │   │   │   │   ├── cfg-if v1.0.0
│   │   │   │   │   │   │   ├── foreign-types v0.3.2
│   │   │   │   │   │   │   │   └── foreign-types-shared v0.1.1
│   │   │   │   │   │   │   ├── libc v0.2.152
│   │   │   │   │   │   │   ├── once_cell v1.19.0
│   │   │   │   │   │   │   ├── openssl-macros v0.1.1 (proc-macro)
│   │   │   │   │   │   │   │   ├── proc-macro2 v1.0.76 (*)
│   │   │   │   │   │   │   │   ├── quote v1.0.35 (*)
│   │   │   │   │   │   │   │   └── syn v2.0.48 (*)
│   │   │   │   │   │   │   └── openssl-sys v0.9.98
│   │   │   │   │   │   │       └── libc v0.2.152
│   │   │   │   │   │   │       [build-dependencies]
│   │   │   │   │   │   │       ├── cc v1.0.83 (*)
│   │   │   │   │   │   │       ├── pkg-config v0.3.28
│   │   │   │   │   │   │       └── vcpkg v0.2.15
│   │   │   │   │   │   ├── openssl-probe v0.1.5
│   │   │   │   │   │   └── openssl-sys v0.9.98 (*)
│   │   │   │   │   ├── tokio v1.35.1 (*)
│   │   │   │   │   └── tokio-native-tls v0.3.1
│   │   │   │   │       ├── native-tls v0.2.11 (*)
│   │   │   │   │       └── tokio v1.35.1 (*)
│   │   │   │   ├── ipnet v2.9.0
│   │   │   │   ├── log v0.4.20
│   │   │   │   ├── mime v0.3.17
│   │   │   │   ├── native-tls v0.2.11 (*)
│   │   │   │   ├── once_cell v1.19.0
│   │   │   │   ├── percent-encoding v2.3.1
│   │   │   │   ├── pin-project-lite v0.2.13
│   │   │   │   ├── rustls v0.21.10 (*)
│   │   │   │   ├── rustls-pemfile v1.0.4
│   │   │   │   │   └── base64 v0.21.7
│   │   │   │   ├── serde v1.0.195 (*)
│   │   │   │   ├── serde_json v1.0.111 (*)
│   │   │   │   ├── serde_urlencoded v0.7.1
│   │   │   │   │   ├── form_urlencoded v1.2.1
│   │   │   │   │   │   └── percent-encoding v2.3.1
│   │   │   │   │   ├── itoa v1.0.10
│   │   │   │   │   ├── ryu v1.0.16
│   │   │   │   │   └── serde v1.0.195 (*)
│   │   │   │   ├── tokio v1.35.1 (*)
│   │   │   │   ├── tokio-native-tls v0.3.1 (*)
│   │   │   │   ├── tokio-rustls v0.24.1 (*)
│   │   │   │   ├── tower-service v0.3.2
│   │   │   │   ├── url v2.5.0
│   │   │   │   │   ├── form_urlencoded v1.2.1 (*)
│   │   │   │   │   ├── idna v0.5.0
│   │   │   │   │   │   ├── unicode-bidi v0.3.14
│   │   │   │   │   │   └── unicode-normalization v0.1.22
│   │   │   │   │   │       └── tinyvec v1.6.0
│   │   │   │   │   │           └── tinyvec_macros v0.1.1
│   │   │   │   │   └── percent-encoding v2.3.1
│   │   │   │   └── webpki-roots v0.25.3
│   │   │   ├── serde v1.0.195 (*)
│   │   │   ├── serde_json v1.0.111 (*)
│   │   │   ├── thiserror v1.0.56 (*)
│   │   │   ├── tokio v1.35.1 (*)
│   │   │   ├── tokio-tungstenite v0.20.1
│   │   │   │   ├── futures-util v0.3.30 (*)
│   │   │   │   ├── log v0.4.20
│   │   │   │   ├── rustls v0.21.10 (*)
│   │   │   │   ├── tokio v1.35.1 (*)
│   │   │   │   ├── tokio-rustls v0.24.1 (*)
│   │   │   │   ├── tungstenite v0.20.1
│   │   │   │   │   ├── byteorder v1.5.0
│   │   │   │   │   ├── bytes v1.5.0 (*)
│   │   │   │   │   ├── data-encoding v2.5.0
│   │   │   │   │   ├── http v0.2.11 (*)
│   │   │   │   │   ├── httparse v1.8.0
│   │   │   │   │   ├── log v0.4.20
│   │   │   │   │   ├── rand v0.8.5 (*)
│   │   │   │   │   ├── rustls v0.21.10 (*)
│   │   │   │   │   ├── sha1 v0.10.6
│   │   │   │   │   │   ├── cfg-if v1.0.0
│   │   │   │   │   │   ├── cpufeatures v0.2.12
│   │   │   │   │   │   └── digest v0.10.7 (*)
│   │   │   │   │   ├── thiserror v1.0.56 (*)
│   │   │   │   │   ├── url v2.5.0 (*)
│   │   │   │   │   └── utf-8 v0.7.6
│   │   │   │   └── webpki-roots v0.25.3
│   │   │   ├── tracing v0.1.40 (*)
│   │   │   ├── tracing-futures v0.2.5
│   │   │   │   ├── pin-project v1.1.3 (*)
│   │   │   │   └── tracing v0.1.40 (*)
│   │   │   └── url v2.5.0 (*)
│   │   ├── futures-util v0.3.30 (*)
│   │   ├── once_cell v1.19.0
│   │   ├── pin-project v1.1.3 (*)
│   │   ├── serde v1.0.195 (*)
│   │   ├── serde_json v1.0.111 (*)
│   │   └── thiserror v1.0.56 (*)
│   ├── ethers-core v2.0.12 (*)
│   ├── ethers-etherscan v2.0.12
│   │   ├── chrono v0.4.31 (*)
│   │   ├── ethers-core v2.0.12 (*)
│   │   ├── reqwest v0.11.23 (*)
│   │   ├── semver v1.0.21 (*)
│   │   ├── serde v1.0.195 (*)
│   │   ├── serde_json v1.0.111 (*)
│   │   ├── thiserror v1.0.56 (*)
│   │   └── tracing v0.1.40 (*)
│   ├── ethers-middleware v2.0.11
│   │   ├── async-trait v0.1.77 (proc-macro) (*)
│   │   ├── auto_impl v1.1.0 (proc-macro) (*)
│   │   ├── ethers-contract v2.0.11 (*)
│   │   ├── ethers-core v2.0.12 (*)
│   │   ├── ethers-etherscan v2.0.12 (*)
│   │   ├── ethers-providers v2.0.11 (*)
│   │   ├── ethers-signers v2.0.11
│   │   │   ├── async-trait v0.1.77 (proc-macro) (*)
│   │   │   ├── coins-bip32 v0.8.7
│   │   │   │   ├── bs58 v0.5.0
│   │   │   │   │   └── sha2 v0.10.8 (*)
│   │   │   │   ├── coins-core v0.8.7
│   │   │   │   │   ├── base64 v0.21.7
│   │   │   │   │   ├── bech32 v0.9.1
│   │   │   │   │   ├── bs58 v0.5.0 (*)
│   │   │   │   │   ├── digest v0.10.7 (*)
│   │   │   │   │   ├── generic-array v0.14.7 (*)
│   │   │   │   │   ├── hex v0.4.3
│   │   │   │   │   ├── ripemd v0.1.3
│   │   │   │   │   │   └── digest v0.10.7 (*)
│   │   │   │   │   ├── serde v1.0.195 (*)
│   │   │   │   │   ├── serde_derive v1.0.195 (proc-macro) (*)
│   │   │   │   │   ├── sha2 v0.10.8 (*)
│   │   │   │   │   ├── sha3 v0.10.8 (*)
│   │   │   │   │   └── thiserror v1.0.56 (*)
│   │   │   │   ├── digest v0.10.7 (*)
│   │   │   │   ├── hmac v0.12.1 (*)
│   │   │   │   ├── k256 v0.13.3 (*)
│   │   │   │   ├── serde v1.0.195 (*)
│   │   │   │   ├── sha2 v0.10.8 (*)
│   │   │   │   └── thiserror v1.0.56 (*)
│   │   │   ├── coins-bip39 v0.8.7
│   │   │   │   ├── bitvec v1.0.1
│   │   │   │   │   ├── funty v2.0.0
│   │   │   │   │   ├── radium v0.7.0
│   │   │   │   │   ├── tap v1.0.1
│   │   │   │   │   └── wyz v0.5.1
│   │   │   │   │       └── tap v1.0.1
│   │   │   │   ├── coins-bip32 v0.8.7 (*)
│   │   │   │   ├── hmac v0.12.1 (*)
│   │   │   │   ├── once_cell v1.19.0
│   │   │   │   ├── pbkdf2 v0.12.2
│   │   │   │   │   ├── digest v0.10.7 (*)
│   │   │   │   │   └── hmac v0.12.1 (*)
│   │   │   │   ├── rand v0.8.5 (*)
│   │   │   │   ├── sha2 v0.10.8 (*)
│   │   │   │   └── thiserror v1.0.56 (*)
│   │   │   ├── const-hex v1.10.0 (*)
│   │   │   ├── elliptic-curve v0.13.8 (*)
│   │   │   ├── eth-keystore v0.5.0
│   │   │   │   ├── aes v0.8.3
│   │   │   │   │   ├── cfg-if v1.0.0
│   │   │   │   │   ├── cipher v0.4.4
│   │   │   │   │   │   ├── crypto-common v0.1.6 (*)
│   │   │   │   │   │   └── inout v0.1.3
│   │   │   │   │   │       └── generic-array v0.14.7 (*)
│   │   │   │   │   └── cpufeatures v0.2.12
│   │   │   │   ├── ctr v0.9.2
│   │   │   │   │   └── cipher v0.4.4 (*)
│   │   │   │   ├── digest v0.10.7 (*)
│   │   │   │   ├── hex v0.4.3
│   │   │   │   ├── hmac v0.12.1 (*)
│   │   │   │   ├── pbkdf2 v0.11.0
│   │   │   │   │   └── digest v0.10.7 (*)
│   │   │   │   ├── rand v0.8.5 (*)
│   │   │   │   ├── scrypt v0.10.0
│   │   │   │   │   ├── hmac v0.12.1 (*)
│   │   │   │   │   ├── pbkdf2 v0.11.0 (*)
│   │   │   │   │   ├── salsa20 v0.10.2
│   │   │   │   │   │   └── cipher v0.4.4 (*)
│   │   │   │   │   └── sha2 v0.10.8 (*)
│   │   │   │   ├── serde v1.0.195 (*)
│   │   │   │   ├── serde_json v1.0.111 (*)
│   │   │   │   ├── sha2 v0.10.8 (*)
│   │   │   │   ├── sha3 v0.10.8 (*)
│   │   │   │   ├── thiserror v1.0.56 (*)
│   │   │   │   └── uuid v0.8.2
│   │   │   │       ├── getrandom v0.2.12 (*)
│   │   │   │       └── serde v1.0.195 (*)
│   │   │   ├── ethers-core v2.0.12 (*)
│   │   │   ├── rand v0.8.5 (*)
│   │   │   ├── sha2 v0.10.8 (*)
│   │   │   ├── thiserror v1.0.56 (*)
│   │   │   └── tracing v0.1.40 (*)
│   │   ├── futures-channel v0.3.30 (*)
│   │   ├── futures-locks v0.7.1
│   │   │   ├── futures-channel v0.3.30 (*)
│   │   │   └── futures-task v0.3.30
│   │   ├── futures-util v0.3.30 (*)
│   │   ├── instant v0.1.12 (*)
│   │   ├── reqwest v0.11.23 (*)
│   │   ├── serde v1.0.195 (*)
│   │   ├── serde_json v1.0.111 (*)
│   │   ├── thiserror v1.0.56 (*)
│   │   ├── tokio v1.35.1 (*)
│   │   ├── tracing v0.1.40 (*)
│   │   ├── tracing-futures v0.2.5 (*)
│   │   └── url v2.5.0 (*)
│   ├── ethers-providers v2.0.11 (*)
│   └── ethers-signers v2.0.11 (*)
├── hex v0.4.3
├── libsecp256k1 v0.7.1
│   ├── arrayref v0.3.7
│   ├── base64 v0.13.1
│   ├── digest v0.9.0
│   │   └── generic-array v0.14.7 (*)
│   ├── hmac-drbg v0.3.0
│   │   ├── digest v0.9.0 (*)
│   │   ├── generic-array v0.14.7 (*)
│   │   └── hmac v0.8.1
│   │       ├── crypto-mac v0.8.0
│   │       │   ├── generic-array v0.14.7 (*)
│   │       │   └── subtle v2.5.0
│   │       └── digest v0.9.0 (*)
│   ├── libsecp256k1-core v0.3.0
│   │   ├── crunchy v0.2.2
│   │   ├── digest v0.9.0 (*)
│   │   └── subtle v2.5.0
│   ├── rand v0.8.5 (*)
│   ├── serde v1.0.195 (*)
│   ├── sha2 v0.9.9
│   │   ├── block-buffer v0.9.0
│   │   │   ├── block-padding v0.2.1
│   │   │   └── generic-array v0.14.7 (*)
│   │   ├── cfg-if v1.0.0
│   │   ├── cpufeatures v0.2.12
│   │   ├── digest v0.9.0 (*)
│   │   └── opaque-debug v0.3.0
│   └── typenum v1.17.0
│   [build-dependencies]
│   ├── libsecp256k1-gen-ecmult v0.3.0
│   │   └── libsecp256k1-core v0.3.0
│   │       ├── crunchy v0.2.2
│   │       ├── digest v0.9.0
│   │       │   └── generic-array v0.14.7 (*)
│   │       └── subtle v2.5.0
│   └── libsecp256k1-gen-genmult v0.3.0
│       └── libsecp256k1-core v0.3.0 (*)
├── log v0.4.20
├── once_cell v1.19.0
├── primitive-types v0.11.1
│   ├── fixed-hash v0.7.0
│   │   ├── byteorder v1.5.0
│   │   ├── rand v0.8.5 (*)
│   │   ├── rustc-hex v2.1.0
│   │   └── static_assertions v1.1.0
│   ├── impl-codec v0.6.0 (*)
│   └── uint v0.9.5 (*)
├── prost v0.10.4
│   ├── bytes v1.5.0 (*)
│   └── prost-derive v0.10.1 (proc-macro)
│       ├── anyhow v1.0.79
│       ├── itertools v0.10.5
│       │   └── either v1.9.0
│       ├── proc-macro2 v1.0.76 (*)
│       ├── quote v1.0.35 (*)
│       └── syn v1.0.109 (*)
├── prost-types v0.10.1
│   ├── bytes v1.5.0 (*)
│   └── prost v0.10.4 (*)
├── reqwest v0.11.23 (*)
├── rustc-hex v2.1.0
├── secp256k1 v0.27.0 (*)
├── serde v1.0.195 (*)
├── serde_derive v1.0.195 (proc-macro) (*)
├── sha2 v0.9.9 (*)
├── sha256 v1.5.0
│   ├── async-trait v0.1.77 (proc-macro) (*)
│   ├── bytes v1.5.0 (*)
│   ├── hex v0.4.3
│   ├── sha2 v0.10.8 (*)
│   └── tokio v1.35.1 (*)
├── sha3 v0.9.1
│   ├── block-buffer v0.9.0 (*)
│   ├── digest v0.9.0 (*)
│   ├── keccak v0.1.4
│   └── opaque-debug v0.3.0
├── stellar_sdk v0.1.3 (https://github.com/nazgull08/stellar-sdk-adv.git#f99bcf87)
│   ├── anyhow v1.0.79
│   ├── byteorder v1.5.0
│   ├── crc v3.0.1
│   │   └── crc-catalog v2.4.0
│   ├── data-encoding v2.5.0
│   ├── digest v0.8.1
│   │   └── generic-array v0.12.4
│   │       └── typenum v1.17.0
│   ├── ed25519-dalek v1.0.1
│   │   ├── curve25519-dalek v3.2.0
│   │   │   ├── byteorder v1.5.0
│   │   │   ├── digest v0.9.0 (*)
│   │   │   ├── rand_core v0.5.1
│   │   │   │   └── getrandom v0.1.16
│   │   │   │       ├── cfg-if v1.0.0
│   │   │   │       └── libc v0.2.152
│   │   │   ├── subtle v2.5.0
│   │   │   └── zeroize v1.7.0 (*)
│   │   ├── ed25519 v1.5.3
│   │   │   └── signature v1.6.4
│   │   ├── rand v0.7.3
│   │   │   ├── getrandom v0.1.16 (*)
│   │   │   ├── libc v0.2.152
│   │   │   ├── rand_chacha v0.2.2
│   │   │   │   ├── ppv-lite86 v0.2.17
│   │   │   │   └── rand_core v0.5.1 (*)
│   │   │   └── rand_core v0.5.1 (*)
│   │   ├── serde v1.0.195 (*)
│   │   ├── sha2 v0.9.9 (*)
│   │   └── zeroize v1.7.0 (*)
│   ├── nacl v0.5.3
│   ├── rand v0.8.5 (*)
│   ├── regex v1.10.2 (*)
│   ├── serde v1.0.195 (*)
│   ├── serde_json v1.0.111 (*)
│   ├── toml v0.5.11 (*)
│   └── ureq v2.9.1
│       ├── base64 v0.21.7
│       ├── flate2 v1.0.28
│       │   ├── crc32fast v1.3.2
│       │   │   └── cfg-if v1.0.0
│       │   └── miniz_oxide v0.7.1
│       │       └── adler v1.0.2
│       ├── log v0.4.20
│       ├── once_cell v1.19.0
│       ├── rustls v0.21.10 (*)
│       ├── rustls-webpki v0.101.7 (*)
│       ├── url v2.5.0 (*)
│       └── webpki-roots v0.25.3
├── thiserror v1.0.56 (*)
├── tiny-bip39 v0.8.2
│   ├── anyhow v1.0.79
│   ├── hmac v0.8.1 (*)
│   ├── once_cell v1.19.0
│   ├── pbkdf2 v0.4.0
│   │   └── crypto-mac v0.8.0 (*)
│   ├── rand v0.7.3 (*)
│   ├── rustc-hash v1.1.0
│   ├── sha2 v0.9.9 (*)
│   ├── thiserror v1.0.56 (*)
│   ├── unicode-normalization v0.1.22 (*)
│   └── zeroize v1.7.0 (*)
├── tokio v1.35.1 (*)
├── tonic v0.7.2
│   ├── async-stream v0.3.5
│   │   ├── async-stream-impl v0.3.5 (proc-macro)
│   │   │   ├── proc-macro2 v1.0.76 (*)
│   │   │   ├── quote v1.0.35 (*)
│   │   │   └── syn v2.0.48 (*)
│   │   ├── futures-core v0.3.30
│   │   └── pin-project-lite v0.2.13
│   ├── async-trait v0.1.77 (proc-macro) (*)
│   ├── axum v0.5.17
│   │   ├── async-trait v0.1.77 (proc-macro) (*)
│   │   ├── axum-core v0.2.9
│   │   │   ├── async-trait v0.1.77 (proc-macro) (*)
│   │   │   ├── bytes v1.5.0 (*)
│   │   │   ├── futures-util v0.3.30 (*)
│   │   │   ├── http v0.2.11 (*)
│   │   │   ├── http-body v0.4.6 (*)
│   │   │   ├── mime v0.3.17
│   │   │   ├── tower-layer v0.3.2
│   │   │   └── tower-service v0.3.2
│   │   ├── bitflags v1.3.2
│   │   ├── bytes v1.5.0 (*)
│   │   ├── futures-util v0.3.30 (*)
│   │   ├── http v0.2.11 (*)
│   │   ├── http-body v0.4.6 (*)
│   │   ├── hyper v0.14.28 (*)
│   │   ├── itoa v1.0.10
│   │   ├── matchit v0.5.0
│   │   ├── memchr v2.7.1
│   │   ├── mime v0.3.17
│   │   ├── percent-encoding v2.3.1
│   │   ├── pin-project-lite v0.2.13
│   │   ├── serde v1.0.195 (*)
│   │   ├── sync_wrapper v0.1.2
│   │   ├── tokio v1.35.1 (*)
│   │   ├── tower v0.4.13
│   │   │   ├── futures-core v0.3.30
│   │   │   ├── futures-util v0.3.30 (*)
│   │   │   ├── indexmap v1.9.3
│   │   │   │   └── hashbrown v0.12.3 (*)
│   │   │   │   [build-dependencies]
│   │   │   │   └── autocfg v1.1.0
│   │   │   ├── pin-project v1.1.3 (*)
│   │   │   ├── pin-project-lite v0.2.13
│   │   │   ├── rand v0.8.5 (*)
│   │   │   ├── slab v0.4.9 (*)
│   │   │   ├── tokio v1.35.1 (*)
│   │   │   ├── tokio-util v0.7.10 (*)
│   │   │   ├── tower-layer v0.3.2
│   │   │   ├── tower-service v0.3.2
│   │   │   └── tracing v0.1.40 (*)
│   │   ├── tower-http v0.3.5
│   │   │   ├── bitflags v1.3.2
│   │   │   ├── bytes v1.5.0 (*)
│   │   │   ├── futures-core v0.3.30
│   │   │   ├── futures-util v0.3.30 (*)
│   │   │   ├── http v0.2.11 (*)
│   │   │   ├── http-body v0.4.6 (*)
│   │   │   ├── http-range-header v0.3.1
│   │   │   ├── pin-project-lite v0.2.13
│   │   │   ├── tower v0.4.13 (*)
│   │   │   ├── tower-layer v0.3.2
│   │   │   └── tower-service v0.3.2
│   │   ├── tower-layer v0.3.2
│   │   └── tower-service v0.3.2
│   ├── base64 v0.13.1
│   ├── bytes v1.5.0 (*)
│   ├── futures-core v0.3.30
│   ├── futures-util v0.3.30 (*)
│   ├── h2 v0.3.23 (*)
│   ├── http v0.2.11 (*)
│   ├── http-body v0.4.6 (*)
│   ├── hyper v0.14.28 (*)
│   ├── hyper-timeout v0.4.1
│   │   ├── hyper v0.14.28 (*)
│   │   ├── pin-project-lite v0.2.13
│   │   ├── tokio v1.35.1 (*)
│   │   └── tokio-io-timeout v1.2.0
│   │       ├── pin-project-lite v0.2.13
│   │       └── tokio v1.35.1 (*)
│   ├── percent-encoding v2.3.1
│   ├── pin-project v1.1.3 (*)
│   ├── prost v0.10.4 (*)
│   ├── prost-derive v0.10.1 (proc-macro) (*)
│   ├── tokio v1.35.1 (*)
│   ├── tokio-stream v0.1.14
│   │   ├── futures-core v0.3.30
│   │   ├── pin-project-lite v0.2.13
│   │   └── tokio v1.35.1 (*)
│   ├── tokio-util v0.7.10 (*)
│   ├── tower v0.4.13 (*)
│   ├── tower-layer v0.3.2
│   ├── tower-service v0.3.2
│   ├── tracing v0.1.40 (*)
│   └── tracing-futures v0.2.5 (*)
└── web3 v0.19.0
    ├── arrayvec v0.7.4
    ├── base64 v0.21.7
    ├── bytes v1.5.0 (*)
    ├── derive_more v0.99.17 (proc-macro) (*)
    ├── ethabi v18.0.0 (*)
    ├── ethereum-types v0.14.1 (*)
    ├── futures v0.3.30
    │   ├── futures-channel v0.3.30 (*)
    │   ├── futures-core v0.3.30
    │   ├── futures-executor v0.3.30
    │   │   ├── futures-core v0.3.30
    │   │   ├── futures-task v0.3.30
    │   │   └── futures-util v0.3.30 (*)
    │   ├── futures-io v0.3.30
    │   ├── futures-sink v0.3.30
    │   ├── futures-task v0.3.30
    │   └── futures-util v0.3.30 (*)
    ├── futures-timer v3.0.2 (*)
    ├── headers v0.3.9
    │   ├── base64 v0.21.7
    │   ├── bytes v1.5.0 (*)
    │   ├── headers-core v0.2.0
    │   │   └── http v0.2.11 (*)
    │   ├── http v0.2.11 (*)
    │   ├── httpdate v1.0.3
    │   ├── mime v0.3.17
    │   └── sha1 v0.10.6 (*)
    ├── hex v0.4.3
    ├── idna v0.4.0
    │   ├── unicode-bidi v0.3.14
    │   └── unicode-normalization v0.1.22 (*)
    ├── jsonrpc-core v18.0.0
    │   ├── futures v0.3.30 (*)
    │   ├── futures-executor v0.3.30 (*)
    │   ├── futures-util v0.3.30 (*)
    │   ├── log v0.4.20
    │   ├── serde v1.0.195 (*)
    │   ├── serde_derive v1.0.195 (proc-macro) (*)
    │   └── serde_json v1.0.111 (*)
    ├── log v0.4.20
    ├── once_cell v1.19.0
    ├── parking_lot v0.12.1 (*)
    ├── pin-project v1.1.3 (*)
    ├── reqwest v0.11.23 (*)
    ├── rlp v0.5.2 (*)
    ├── secp256k1 v0.27.0 (*)
    ├── serde v1.0.195 (*)
    ├── serde_json v1.0.111 (*)
    ├── soketto v0.7.1
    │   ├── base64 v0.13.1
    │   ├── bytes v1.5.0 (*)
    │   ├── futures v0.3.30 (*)
    │   ├── httparse v1.8.0
    │   ├── log v0.4.20
    │   ├── rand v0.8.5 (*)
    │   └── sha-1 v0.9.8
    │       ├── block-buffer v0.9.0 (*)
    │       ├── cfg-if v1.0.0
    │       ├── cpufeatures v0.2.12
    │       ├── digest v0.9.0 (*)
    │       └── opaque-debug v0.3.0
    ├── tiny-keccak v2.0.2 (*)
    ├── tokio v1.35.1 (*)
    ├── tokio-stream v0.1.14 (*)
    ├── tokio-util v0.7.10 (*)
    ├── url v2.5.0 (*)
    └── web3-async-native-tls v0.4.0
        ├── native-tls v0.2.11 (*)
        ├── thiserror v1.0.56 (*)
        ├── tokio v1.35.1 (*)
        └── url v2.5.0 (*)
[build-dependencies]
└── tonic-build v0.7.2
    ├── prettyplease v0.1.25
    │   ├── proc-macro2 v1.0.76 (*)
    │   └── syn v1.0.109 (*)
    ├── proc-macro2 v1.0.76 (*)
    ├── prost-build v0.10.4
    │   ├── bytes v1.5.0 (*)
    │   ├── heck v0.4.1
    │   ├── itertools v0.10.5 (*)
    │   ├── lazy_static v1.4.0
    │   ├── log v0.4.20
    │   ├── multimap v0.8.3
    │   ├── petgraph v0.6.4
    │   │   ├── fixedbitset v0.4.2
    │   │   └── indexmap v2.1.0 (*)
    │   ├── prost v0.10.4
    │   │   ├── bytes v1.5.0 (*)
    │   │   └── prost-derive v0.10.1 (proc-macro) (*)
    │   ├── prost-types v0.10.1
    │   │   ├── bytes v1.5.0 (*)
    │   │   └── prost v0.10.4 (*)
    │   ├── regex v1.10.2 (*)
    │   └── tempfile v3.9.0 (*)
    │   [build-dependencies]
    │   ├── cfg-if v1.0.0
    │   ├── cmake v0.1.50
    │   │   └── cc v1.0.83 (*)
    │   └── which v4.4.2
    │       ├── either v1.9.0
    │       ├── home v0.5.9
    │       └── rustix v0.38.28 (*)
    ├── quote v1.0.35 (*)
    └── syn v1.0.109 (*)
